SF:lib\core\viewmodels\defaulty_styles_view_model.dart
DA:9,1
DA:10,1
DA:12,1
DA:13,1
DA:14,1
DA:17,1
DA:18,1
DA:19,1
DA:22,1
DA:24,2
DA:25,1
DA:29,0
DA:30,0
DA:31,0
LF:14
LH:11
end_of_record
SF:lib\core\viewmodels\nutrition_card_view_model.dart
DA:9,1
DA:10,1
DA:12,1
DA:13,1
DA:14,1
DA:17,1
DA:18,1
DA:19,1
DA:22,1
DA:24,2
DA:25,1
DA:29,0
DA:30,0
DA:31,0
LF:14
LH:11
end_of_record
SF:lib\core\viewmodels\onboarding_text_field_view_model.dart
DA:9,1
DA:10,1
DA:12,1
DA:13,1
DA:14,1
DA:17,1
DA:18,1
DA:19,1
DA:22,1
DA:24,2
DA:25,1
DA:29,0
DA:30,0
DA:31,0
LF:14
LH:11
end_of_record
SF:lib\core\viewmodels\text_field_view_model.dart
DA:9,1
DA:10,1
DA:12,1
DA:13,1
DA:14,1
DA:17,1
DA:18,1
DA:19,1
DA:22,1
DA:24,2
DA:25,1
DA:29,0
DA:30,0
DA:31,0
LF:14
LH:11
end_of_record
SF:lib\core\viewmodels\toggle_button_group_view_model.dart
DA:7,1
DA:9,1
DA:10,1
DA:11,1
DA:15,0
DA:16,0
LF:6
LH:4
end_of_record
