SF:lib\core\viewmodels\defaulty_styles_view_model.dart
DA:9,1
DA:10,1
DA:12,1
DA:13,1
DA:14,1
DA:17,1
DA:18,1
DA:19,1
DA:22,1
DA:24,2
DA:25,1
DA:29,0
DA:30,0
DA:31,0
LF:14
LH:11
end_of_record
SF:lib\core\viewmodels\nutrition_card_view_model.dart
DA:9,1
DA:10,1
DA:12,1
DA:13,1
DA:14,1
DA:17,1
DA:18,1
DA:19,1
DA:22,1
DA:24,2
DA:25,1
DA:29,0
DA:30,0
DA:31,0
LF:14
LH:11
end_of_record
SF:lib\core\viewmodels\onboarding_text_field_view_model.dart
DA:9,1
DA:10,1
DA:12,1
DA:13,1
DA:14,1
DA:17,1
DA:18,1
DA:19,1
DA:22,1
DA:24,2
DA:25,1
DA:29,0
DA:30,0
DA:31,0
LF:14
LH:11
end_of_record
SF:lib\core\viewmodels\text_field_view_model.dart
DA:9,1
DA:10,1
DA:12,1
DA:13,1
DA:14,1
DA:17,1
DA:18,1
DA:19,1
DA:22,1
DA:24,2
DA:25,1
DA:29,0
DA:30,0
DA:31,0
LF:14
LH:11
end_of_record
SF:lib\core\viewmodels\toggle_button_group_view_model.dart
DA:7,1
DA:9,1
DA:10,1
DA:11,1
DA:15,0
DA:16,0
LF:6
LH:4
end_of_record
SF:lib\domain\models\food_api_models.dart
DA:11,1
DA:20,1
DA:22,1
DA:23,1
DA:24,1
DA:25,1
DA:26,1
DA:27,1
DA:28,1
DA:29,2
DA:31,1
DA:32,1
DA:35,0
DA:42,1
DA:43,1
DA:44,1
DA:45,1
DA:46,2
DA:53,1
DA:59,1
DA:60,1
DA:61,1
DA:62,1
DA:63,1
DA:64,2
DA:72,1
DA:73,1
DA:74,1
DA:75,1
DA:76,1
DA:77,1
DA:85,1
DA:92,1
DA:93,1
DA:94,2
DA:95,2
DA:96,2
DA:97,2
DA:101,1
DA:103,1
DA:104,0
DA:105,0
LF:42
LH:39
end_of_record
SF:lib\domain\models\food.dart
DA:10,4
LF:1
LH:1
end_of_record
SF:lib\data\services\food_api_service.dart
DA:28,0
DA:30,0
DA:32,0
DA:37,0
DA:40,0
DA:41,0
DA:42,0
DA:45,0
DA:47,0
DA:48,0
DA:49,0
DA:50,0
DA:51,0
DA:52,0
DA:56,0
DA:59,0
DA:60,0
DA:61,0
DA:64,0
DA:65,0
DA:66,0
DA:75,1
DA:83,1
DA:90,1
DA:93,2
DA:95,3
DA:96,2
DA:97,5
DA:101,2
DA:102,1
DA:103,2
DA:104,1
DA:108,2
DA:110,3
DA:111,1
DA:112,3
DA:113,1
DA:114,1
DA:117,2
DA:122,1
DA:127,1
DA:133,1
DA:134,1
DA:139,1
DA:140,1
DA:141,1
DA:142,1
DA:143,1
DA:147,0
DA:151,0
DA:152,0
DA:153,0
DA:154,0
DA:156,0
DA:158,0
DA:159,0
DA:161,0
DA:168,0
DA:169,0
DA:170,0
DA:171,0
DA:172,0
DA:176,0
DA:177,0
DA:178,0
DA:179,0
LF:66
LH:27
end_of_record
SF:lib\config\api_config.dart
DA:11,0
DA:13,0
DA:15,0
DA:16,0
DA:18,0
DA:20,0
DA:22,0
DA:24,0
DA:31,6
DA:33,0
DA:35,0
DA:39,5
DA:43,0
LF:13
LH:2
end_of_record
SF:lib\data\services\shared_prefs_service.dart
DA:8,1
DA:9,1
DA:10,1
DA:11,2
DA:12,1
DA:13,1
DA:14,1
DA:15,2
DA:16,2
DA:17,1
DA:18,1
DA:19,1
DA:21,1
DA:22,1
DA:25,1
DA:26,1
DA:27,1
DA:30,1
DA:32,1
DA:33,1
DA:34,0
DA:38,1
DA:40,1
DA:41,0
DA:42,0
DA:47,1
DA:48,3
DA:49,3
DA:50,2
DA:51,2
DA:53,3
DA:54,3
DA:55,2
DA:56,2
DA:57,2
LF:35
LH:32
end_of_record
SF:lib\domain\models\user.dart
DA:18,3
DA:30,1
DA:41,1
DA:42,1
DA:43,1
DA:44,1
DA:45,1
DA:46,1
DA:47,1
DA:48,1
DA:49,1
DA:50,1
LF:12
LH:12
end_of_record
SF:lib\data\services\db_helper.dart
DA:7,0
DA:10,0
DA:12,0
DA:14,0
DA:16,0
DA:20,0
DA:21,0
DA:22,0
DA:24,0
DA:27,0
DA:28,0
LF:11
LH:0
end_of_record
SF:lib\domain\models\tracked_food.dart
DA:15,2
DA:28,1
DA:29,1
DA:30,1
DA:31,1
DA:32,1
DA:33,1
DA:34,1
DA:35,1
DA:36,1
DA:37,2
DA:38,1
DA:39,1
DA:43,1
DA:44,1
DA:45,1
DA:46,1
DA:47,1
DA:48,1
DA:49,1
DA:50,1
DA:51,1
DA:52,2
DA:53,1
DA:54,1
DA:59,1
DA:65,1
DA:66,1
DA:67,1
DA:69,3
DA:70,2
DA:71,2
DA:72,2
DA:75,1
LF:34
LH:34
end_of_record
SF:lib\data\services\tracked_food_service.dart
DA:7,1
DA:9,1
DA:10,2
DA:11,2
DA:14,1
DA:15,2
DA:16,2
DA:19,1
DA:20,2
DA:21,2
DA:23,1
DA:25,1
DA:28,2
DA:32,4
DA:35,1
DA:39,2
DA:40,3
DA:42,1
DA:45,2
DA:49,4
DA:52,1
DA:53,2
DA:54,1
DA:55,4
LF:24
LH:24
end_of_record
SF:lib\domain\use_cases\calculate_nutrients_usecase.dart
DA:7,1
DA:9,1
DA:10,2
DA:13,1
DA:14,1
DA:15,1
DA:18,2
DA:19,6
DA:20,6
DA:23,1
DA:24,1
DA:25,1
DA:26,1
DA:31,1
DA:32,2
DA:33,1
DA:34,1
DA:38,3
DA:41,3
DA:45,3
DA:49,3
DA:51,2
DA:54,1
DA:60,1
DA:61,1
DA:62,1
DA:65,3
DA:66,3
DA:67,3
DA:69,1
DA:84,1
LF:31
LH:31
end_of_record
SF:lib\domain\use_cases\calorie_tracking_usecase.dart
DA:9,1
DA:12,1
DA:18,1
DA:19,2
DA:22,1
DA:23,2
DA:26,1
DA:27,2
DA:30,1
DA:31,2
DA:34,1
DA:35,2
LF:12
LH:12
end_of_record
SF:lib\domain\models\daily_summary.dart
DA:11,2
DA:20,0
DA:21,0
DA:24,0
DA:25,0
DA:26,0
DA:27,0
LF:7
LH:1
end_of_record
SF:lib\data\repository\tracked_food_repository.dart
DA:21,0
DA:24,0
DA:26,0
DA:29,0
DA:31,0
DA:34,0
DA:36,0
DA:39,0
DA:44,0
DA:47,0
DA:49,0
DA:52,0
DA:53,0
DA:54,0
DA:55,0
DA:57,0
DA:61,0
DA:62,0
DA:63,0
DA:65,0
DA:68,0
DA:70,0
LF:22
LH:0
end_of_record
SF:lib\domain\models\meal_summary.dart
DA:11,0
DA:20,0
DA:21,0
DA:24,0
DA:25,0
DA:26,0
DA:27,0
LF:7
LH:0
end_of_record
SF:lib\ui\food_search\view_model\calorie_tracking_view_model.dart
DA:17,1
DA:18,2
DA:20,1
DA:35,2
DA:36,2
DA:37,2
DA:38,2
DA:39,2
DA:40,2
DA:43,1
DA:44,1
DA:46,1
DA:47,3
DA:48,1
DA:50,2
DA:52,1
DA:57,1
DA:58,1
DA:59,1
DA:60,2
DA:61,1
DA:62,1
DA:66,1
DA:67,1
DA:68,1
DA:71,3
DA:75,2
DA:77,1
DA:78,1
DA:83,1
DA:84,1
DA:86,2
DA:89,1
DA:90,1
DA:92,1
DA:95,1
DA:97,0
DA:99,0
DA:102,2
DA:105,1
DA:110,1
DA:111,1
DA:113,2
DA:114,1
DA:115,1
DA:117,2
DA:119,1
DA:124,1
DA:125,1
DA:126,1
DA:127,1
DA:131,1
DA:132,1
DA:133,1
DA:137,0
DA:138,0
DA:140,0
DA:141,0
DA:142,0
DA:144,0
DA:145,0
DA:150,1
DA:151,2
DA:152,1
DA:156,1
DA:157,1
DA:158,1
DA:161,1
DA:162,1
DA:163,1
DA:166,1
DA:167,1
DA:168,1
DA:172,0
DA:173,0
DA:174,0
DA:175,0
DA:176,0
DA:177,0
LF:79
LH:64
end_of_record
SF:lib\data\repository\food_repository.dart
DA:15,0
DA:18,0
DA:24,0
LF:3
LH:0
end_of_record
SF:lib\config\service_locator.dart
DA:12,0
DA:14,0
DA:17,0
DA:18,0
DA:20,0
DA:21,0
DA:23,0
DA:24,0
DA:26,0
DA:27,0
DA:29,0
DA:30,0
DA:32,0
DA:33,0
DA:35,0
DA:36,0
DA:38,0
DA:39,0
DA:41,0
DA:42,0
DA:44,0
DA:45,0
DA:47,0
DA:48,0
DA:52,0
DA:55,0
DA:58,0
DA:59,0
DA:63,0
DA:64,0
DA:68,0
DA:69,0
DA:73,0
DA:74,0
DA:75,0
DA:76,0
DA:77,0
DA:83,0
DA:86,0
DA:89,0
DA:92,0
DA:93,0
DA:94,0
DA:95,0
DA:96,0
DA:101,0
DA:102,0
LF:47
LH:0
end_of_record
SF:lib\ui\food_search\view_model\food_search_view_model.dart
DA:12,2
DA:13,2
DA:18,1
DA:19,0
DA:26,2
DA:27,2
DA:28,2
DA:29,2
DA:31,1
DA:32,1
DA:35,1
DA:36,2
DA:37,1
DA:38,1
DA:43,3
DA:47,1
DA:48,1
DA:49,1
DA:50,1
DA:53,3
DA:56,2
DA:57,1
DA:61,2
DA:62,2
DA:63,2
DA:67,2
DA:68,1
DA:69,1
DA:74,1
DA:75,2
DA:76,1
DA:77,1
DA:78,1
DA:81,1
DA:82,1
DA:83,1
DA:87,1
DA:88,2
DA:89,2
DA:94,3
DA:95,2
DA:96,5
DA:99,0
DA:106,0
DA:107,0
DA:108,0
DA:109,0
DA:112,0
DA:113,0
DA:114,0
DA:115,0
DA:117,0
DA:118,0
DA:119,0
DA:120,0
DA:121,0
DA:124,0
DA:125,0
DA:128,0
DA:129,0
DA:133,0
DA:134,0
DA:137,0
DA:140,0
DA:144,0
DA:145,0
LF:66
LH:41
end_of_record
SF:lib\data\repository\onboarding_repository.dart
DA:7,0
DA:9,0
DA:10,0
DA:13,0
DA:14,0
LF:5
LH:0
end_of_record
SF:lib\ui\onboarding\view_model\onboarding_view_model.dart
DA:11,1
DA:13,1
DA:14,1
DA:15,1
DA:16,1
DA:25,4
DA:29,1
DA:30,6
DA:33,1
DA:34,6
DA:37,1
DA:38,6
DA:41,1
DA:42,6
DA:45,1
DA:46,6
DA:49,1
DA:50,6
DA:53,1
DA:54,6
DA:57,1
DA:58,3
DA:59,3
DA:63,1
DA:64,6
DA:69,1
DA:70,3
DA:72,2
DA:73,3
DA:75,4
DA:79,1
DA:80,2
DA:82,1
DA:86,1
DA:87,3
DA:89,2
DA:90,3
DA:92,4
DA:99,0
DA:100,0
DA:101,0
DA:104,0
DA:105,0
DA:106,0
DA:107,0
LF:45
LH:38
end_of_record
SF:lib\core\ui\app_bar.dart
DA:12,1
DA:22,1
DA:24,1
DA:25,1
DA:26,1
DA:27,1
DA:28,1
DA:33,1
DA:37,1
DA:38,1
DA:39,1
DA:41,1
DA:43,1
DA:46,1
DA:50,1
LF:15
LH:15
end_of_record
SF:lib\core\ui\bottom_sheet.dart
DA:5,1
DA:13,1
DA:20,2
DA:29,1
DA:31,1
DA:33,1
DA:37,1
DA:39,1
DA:42,1
LF:9
LH:9
end_of_record
SF:lib\core\ui\button.dart
DA:17,1
DA:30,1
DA:32,1
DA:33,1
DA:34,1
DA:35,1
DA:36,2
DA:37,1
DA:38,1
DA:39,1
DA:40,1
DA:41,1
DA:42,1
DA:43,2
DA:44,1
DA:47,1
DA:48,1
DA:51,1
DA:53,1
DA:54,1
DA:58,1
DA:60,1
DA:61,2
DA:62,2
DA:65,1
DA:66,1
DA:67,1
DA:70,1
DA:79,1
DA:80,1
DA:81,1
DA:82,1
DA:83,1
DA:84,1
DA:85,1
DA:90,1
DA:91,1
DA:92,1
DA:93,1
DA:94,1
DA:95,1
DA:96,1
DA:101,1
DA:102,2
DA:103,1
DA:106,1
DA:107,2
DA:108,1
DA:111,1
DA:112,1
DA:113,1
DA:114,1
DA:117,1
DA:118,1
DA:121,1
DA:136,0
DA:146,0
DA:147,0
DA:153,0
DA:155,0
DA:156,0
DA:159,0
DA:161,0
DA:162,0
DA:163,0
DA:164,0
DA:165,0
DA:166,0
DA:168,0
DA:171,0
DA:172,0
DA:173,0
DA:174,0
DA:176,0
DA:179,0
DA:183,0
DA:184,0
LF:77
LH:55
end_of_record
SF:lib\core\ui\card.dart
DA:13,1
DA:24,1
DA:26,1
DA:27,1
DA:28,1
DA:29,2
DA:30,1
DA:31,1
DA:32,1
DA:33,1
DA:38,1
DA:39,1
DA:40,2
DA:41,1
DA:42,1
DA:43,2
DA:44,1
DA:45,1
DA:46,1
LF:19
LH:19
end_of_record
SF:lib\core\ui\custom_text.dart
DA:14,2
DA:27,2
DA:29,2
DA:30,2
DA:31,2
DA:32,2
DA:33,2
DA:34,2
DA:35,2
DA:36,2
DA:37,2
DA:38,2
DA:39,2
LF:13
LH:13
end_of_record
SF:lib\core\ui\defaulty_styles.dart
DA:22,2
DA:40,2
DA:41,2
DA:47,2
DA:48,2
DA:51,2
DA:53,2
DA:55,2
DA:56,4
DA:57,0
DA:58,0
DA:67,2
DA:68,1
DA:69,2
DA:70,1
DA:73,2
DA:74,4
DA:75,4
DA:76,4
DA:77,4
DA:78,4
DA:79,4
DA:81,2
DA:82,4
DA:87,4
DA:88,4
DA:90,2
DA:91,4
DA:92,4
DA:93,4
DA:94,4
DA:95,2
DA:98,4
DA:101,2
DA:102,2
DA:105,2
DA:106,2
DA:107,4
DA:109,2
DA:110,2
DA:116,2
DA:117,2
DA:127,5
DA:129,1
DA:130,2
LF:45
LH:43
end_of_record
SF:lib\core\ui\text_field.dart
DA:25,1
DA:45,1
DA:46,1
DA:50,4
DA:52,1
DA:54,2
DA:55,2
DA:57,1
DA:60,1
DA:62,2
DA:63,1
DA:64,1
DA:65,2
DA:66,2
DA:67,2
DA:68,2
DA:69,2
DA:70,2
DA:71,2
DA:72,2
DA:73,2
DA:76,1
DA:77,2
DA:78,2
DA:79,2
DA:80,2
DA:81,2
DA:82,2
DA:83,2
DA:84,2
DA:85,2
DA:86,2
DA:87,2
DA:88,2
DA:89,1
LF:35
LH:35
end_of_record
SF:lib\core\ui\suffix_widget.dart
DA:5,3
DA:20,1
DA:21,1
DA:24,1
DA:25,1
DA:28,3
DA:30,3
DA:31,2
DA:32,2
DA:33,2
DA:34,2
DA:35,3
DA:40,2
DA:41,1
DA:43,1
DA:45,1
DA:46,1
DA:47,1
DA:48,2
LF:19
LH:19
end_of_record
SF:lib\core\ui\onboarding_text_field.dart
DA:16,2
DA:30,2
DA:31,2
DA:36,7
DA:38,2
DA:40,4
DA:41,2
DA:43,2
DA:46,2
DA:47,7
DA:50,2
DA:53,2
DA:55,2
DA:57,2
DA:58,2
DA:60,2
DA:61,2
DA:63,2
DA:64,1
DA:65,2
DA:66,1
DA:69,2
DA:70,2
DA:71,4
DA:72,4
DA:73,4
DA:74,4
DA:75,4
DA:82,2
DA:83,4
DA:90,2
DA:91,2
DA:92,4
DA:94,2
DA:95,2
DA:96,4
DA:98,2
DA:99,2
DA:100,4
DA:102,2
DA:103,2
DA:104,4
DA:114,5
DA:116,1
DA:117,2
DA:118,1
DA:119,2
DA:127,8
DA:129,1
DA:130,2
LF:50
LH:50
end_of_record
SF:lib\core\ui\loading_indicator.dart
DA:14,1
DA:23,1
DA:25,1
DA:27,1
DA:28,1
DA:29,1
DA:30,1
DA:31,1
DA:32,1
DA:33,1
DA:34,1
DA:35,1
DA:38,1
DA:39,1
DA:40,1
DA:42,1
LF:16
LH:16
end_of_record
SF:lib\core\ui\nutrition_progress.dart
DA:16,1
DA:28,1
DA:32,1
DA:34,1
DA:36,1
DA:38,1
DA:39,1
DA:41,1
DA:42,1
DA:52,1
DA:54,1
DA:55,1
DA:56,2
DA:61,1
DA:62,2
DA:73,1
DA:75,1
DA:76,1
DA:77,1
DA:79,1
DA:80,1
DA:81,1
DA:82,1
DA:83,1
DA:87,4
DA:89,4
DA:90,4
DA:92,1
DA:93,1
DA:95,1
DA:96,1
DA:98,1
DA:101,1
DA:107,1
DA:108,1
DA:110,1
DA:113,1
DA:119,1
DA:120,1
DA:121,1
DA:122,1
DA:125,1
DA:127,1
DA:128,1
DA:143,1
DA:145,1
DA:147,1
DA:148,1
DA:149,1
DA:155,1
DA:156,1
DA:157,1
DA:163,1
DA:164,1
DA:165,1
LF:55
LH:55
end_of_record
SF:lib\core\ui\nutrition_ring.dart
DA:6,2
DA:20,2
DA:22,8
DA:23,2
DA:24,2
DA:25,2
DA:29,2
DA:30,2
DA:31,2
DA:33,2
DA:34,2
DA:35,6
DA:42,2
DA:43,2
LF:14
LH:14
end_of_record
SF:lib\core\ui\ring_progress.dart
DA:13,3
DA:25,3
DA:26,3
DA:34,3
DA:36,3
DA:37,6
DA:38,6
DA:42,15
DA:43,6
DA:46,6
DA:47,6
DA:51,0
DA:53,0
DA:54,0
DA:55,0
DA:56,0
DA:57,0
DA:58,0
DA:62,0
DA:66,3
DA:68,6
DA:69,3
DA:72,3
DA:74,3
DA:75,6
DA:76,6
DA:77,3
DA:79,3
DA:81,3
DA:82,6
DA:83,6
DA:84,3
DA:86,6
DA:88,9
DA:92,3
DA:93,6
DA:94,6
DA:95,3
DA:96,3
DA:97,3
DA:98,3
DA:99,6
DA:100,6
DA:101,0
DA:102,6
DA:104,3
DA:105,6
DA:112,12
LF:48
LH:39
end_of_record
